E:\GitHub\myCNN\CNN_Project\Debug\cl.command.1.tlog
E:\GitHub\myCNN\CNN_Project\Debug\CL.read.1.tlog
E:\GitHub\myCNN\CNN_Project\Debug\CL.write.1.tlog
E:\GitHub\myCNN\CNN_Project\Debug\CNN_Project.vcxprojResolveAssemblyReference.cache
E:\GitHub\myCNN\CNN_Project\Debug\CNN_Project.write.1.tlog
E:\GitHub\myCNN\CNN_Project\Debug\link.command.1.tlog
E:\GitHub\myCNN\CNN_Project\Debug\link.read.1.tlog
E:\GitHub\myCNN\CNN_Project\Debug\link.write.1.tlog
E:\GitHub\myCNN\CNN_Project\Debug\mt.command.1.tlog
E:\GitHub\myCNN\CNN_Project\Debug\mt.read.1.tlog
E:\GitHub\myCNN\CNN_Project\Debug\mt.write.1.tlog
E:\GitHub\myCNN\CNN_Project\Debug\vc100.idb
E:\算法学习\CNN学习\CNN_TRAIN_PROJECT\CNN_PROJECT\DEBUG\CNN_PROJECT.EXE.INTERMEDIATE.MANIFEST
E:\算法学习\CNN学习\CNN_TRAIN_PROJECT\CNN_PROJECT\DEBUG\CNNAPPLYGRADS.OBJ
E:\算法学习\CNN学习\CNN_TRAIN_PROJECT\CNN_PROJECT\DEBUG\CNNBP.OBJ
E:\算法学习\CNN学习\CNN_TRAIN_PROJECT\CNN_PROJECT\DEBUG\CNNCOM.OBJ
E:\算法学习\CNN学习\CNN_TRAIN_PROJECT\CNN_PROJECT\DEBUG\CNNDATA.OBJ
E:\算法学习\CNN学习\CNN_TRAIN_PROJECT\CNN_PROJECT\DEBUG\CNNFF.OBJ
E:\算法学习\CNN学习\CNN_TRAIN_PROJECT\CNN_PROJECT\DEBUG\CNNSETUP.OBJ
E:\算法学习\CNN学习\CNN_TRAIN_PROJECT\CNN_PROJECT\DEBUG\CNNTRAIN.OBJ
E:\算法学习\CNN学习\CNN_TRAIN_PROJECT\CNN_PROJECT\DEBUG\MAIN.OBJ
E:\算法学习\CNN学习\CNN_TRAIN_PROJECT\CNN_PROJECT\DEBUG\VC100.PDB
E:\算法学习\CNN学习\CNN_TRAIN_PROJECT\DEBUG\CNN_PROJECT.EXE
E:\算法学习\CNN学习\CNN_TRAIN_PROJECT\DEBUG\CNN_PROJECT.ILK
E:\算法学习\CNN学习\CNN_TRAIN_PROJECT\DEBUG\CNN_PROJECT.PDB
